0 info it worked if it ends with ok
1 verbose cli [ '/Users/Daiki/.nodebrew/node/v6.2.0/bin/node',
1 verbose cli   '/Users/Daiki/.nodebrew/current/bin/npm',
1 verbose cli   'run',
1 verbose cli   'watch' ]
2 info using npm@3.9.3
3 info using node@v6.2.0
4 verbose stack Error: missing script: watch
4 verbose stack     at run (/Users/Daiki/.nodebrew/node/v6.2.0/lib/node_modules/npm/lib/run-script.js:150:19)
4 verbose stack     at /Users/Daiki/.nodebrew/node/v6.2.0/lib/node_modules/npm/lib/run-script.js:60:5
4 verbose stack     at /Users/Daiki/.nodebrew/node/v6.2.0/lib/node_modules/npm/node_modules/read-package-json/read-json.js:356:5
4 verbose stack     at checkBinReferences_ (/Users/Daiki/.nodebrew/node/v6.2.0/lib/node_modules/npm/node_modules/read-package-json/read-json.js:320:45)
4 verbose stack     at final (/Users/Daiki/.nodebrew/node/v6.2.0/lib/node_modules/npm/node_modules/read-package-json/read-json.js:354:3)
4 verbose stack     at then (/Users/Daiki/.nodebrew/node/v6.2.0/lib/node_modules/npm/node_modules/read-package-json/read-json.js:124:5)
4 verbose stack     at /Users/Daiki/.nodebrew/node/v6.2.0/lib/node_modules/npm/node_modules/read-package-json/read-json.js:311:12
4 verbose stack     at /Users/Daiki/.nodebrew/node/v6.2.0/lib/node_modules/npm/node_modules/graceful-fs/graceful-fs.js:78:16
4 verbose stack     at tryToString (fs.js:449:3)
4 verbose stack     at FSReqWrap.readFileAfterClose [as oncomplete] (fs.js:436:12)
5 verbose cwd /Users/Daiki/projects/otoshimono
6 error Darwin 15.6.0
7 error argv "/Users/Daiki/.nodebrew/node/v6.2.0/bin/node" "/Users/Daiki/.nodebrew/current/bin/npm" "run" "watch"
8 error node v6.2.0
9 error npm  v3.9.3
10 error missing script: watch
11 error If you need help, you may report this error at:
11 error     <https://github.com/npm/npm/issues>
12 verbose exit [ 1, true ]
